1-ASN		-0.40618313582442006
10-TYR		-8.470867586621887
11-ASP		-6.982060919218395
13-TYR		-6.982060919218395
14-CYS		-10.87442908601295
15-LEU		-8.395990996555417
16-ASN		-9.206105824073331
19-VAL		-7.645118261585393
2-SER		-3.6382745984426115
20-CYS		-13.514444890495199
21-MET		-13.969192022860192
22-HIS		-17.870859558196678
23-ILE		-17.67964393272144
24-GLU		-15.088808832790315
25-SER		-15.598435637678111
26-LEU		-14.143515868416511
27-ASP		-11.936430561758282
28-SER		-11.464913605054877
29-TYR		-10.816185577255784
3-TYR		-4.241803298054279
30-THR		-11.510358922705686
31-CYS		-15.758213840869255
32-ASN		-15.015095523085328
33-CYS		-21.154622743798026
34-VAL		-20.73051500382093
35-ILE		-21.59162742601476
37-TYR		-26.982101628754744
38-SER		-29.732749800870756
4-PRO		-4.689214960952848
40-ASP		-26.87459785861092
41-ARG		-24.327905530772348
42-CYS		-28.56002490082544
44-THR		-27.435074730485315
45-ARG		-25.92047803860974
46-ASP		-23.089796058507886
47-LEU		-21.351111618481134
48-ARG		-18.804419290642567
49-TRP		-22.01143614249279
50-TRP		-20.913476734797815
51-GLU		-20.027952777542605
52-LEU		-18.20269932344057
53-ARG		-16.57479143312578
6-CYS		-9.233005036579573
7-PRO		-9.01639435115518
8-SER		-9.186269952784446
9-SER		-8.537541924985353
